# JRE version: OpenJDK Runtime Environment Temurin-21.0.8+9 (21.0.8+9) (build 21.0.8+9-LTS)
# Java VM: OpenJDK 64-Bit Server VM Temurin-21.0.8+9 (21.0.8+9-LTS, mixed mode, sharing, tiered, compressed oops, compressed class ptrs, parallel gc, windows-amd64)
GC Precious Log:
 CardTable entry size: 512
 CPUs: 4 total, 4 available
 Memory: 3460M
 Large Page Support: Disabled
 NUMA Support: Disabled
 Compressed Oops: Enabled (32-bit)
 Alignments: Space 512K, Generation 512K, Heap 2M
 Heap Min Capacity: 100M
 Heap Initial Capacity: 100M
 Heap Max Capacity: 2G
 Pre-touch: Disabled
 Parallel Workers: 4
Heap:
 PSYoungGen      total 2560K, used 889K [0x00000000d5580000, 0x00000000d5900000, 0x0000000100000000)
  eden space 2048K, 37% used [0x00000000d5580000,0x00000000d563e658,0x00000000d5780000)
  from space 512K, 25% used [0x00000000d5880000,0x00000000d58a0000,0x00000000d5900000)
  to   space 512K, 0% used [0x00000000d5800000,0x00000000d5800000,0x00000000d5880000)
 ParOldGen       total 505856K, used 505593K [0x0000000080000000, 0x000000009ee00000, 0x00000000d5580000)
  object space 505856K, 99% used [0x0000000080000000,0x000000009edbe450,0x000000009ee00000)
 Metaspace       used 68020K, committed 69376K, reserved 1114112K
  class space    used 7304K, committed 7872K, reserved 1048576K
GC Heap History (20 events):
Event: 64.233 GC heap before
{Heap before GC invocations=376 (full 3):
 PSYoungGen      total 2560K, used 2543K [0x00000000d5580000, 0x00000000d5b00000, 0x0000000100000000)
  eden space 2048K, 100% used [0x00000000d5580000,0x00000000d5780000,0x00000000d5780000)
  from space 512K, 96% used [0x00000000d5900000,0x00000000d597bee8,0x00000000d5980000)
  to   space 1536K, 0% used [0x00000000d5780000,0x00000000d5780000,0x00000000d5900000)
 ParOldGen       total 503808K, used 503619K [0x0000000080000000, 0x000000009ec00000, 0x00000000d5580000)
  object space 503808K, 99% used [0x0000000080000000,0x000000009ebd0d18,0x000000009ec00000)
 Metaspace       used 67187K, committed 68544K, reserved 1114112K
  class space    used 7213K, committed 7808K, reserved 1048576K
}
Event: 64.235 GC heap after
{Heap after GC invocations=376 (full 3):
 PSYoungGen      total 3072K, used 835K [0x00000000d5580000, 0x00000000d5980000, 0x0000000100000000)
  eden space 2048K, 0% used [0x00000000d5580000,0x00000000d5580000,0x00000000d5780000)
  from space 1024K, 81% used [0x00000000d5780000,0x00000000d5850de8,0x00000000d5880000)
  to   space 1024K, 0% used [0x00000000d5880000,0x00000000d5880000,0x00000000d5980000)
 ParOldGen       total 504320K, used 504131K [0x0000000080000000, 0x000000009ec80000, 0x00000000d5580000)
  object space 504320K, 99% used [0x0000000080000000,0x000000009ec50c18,0x000000009ec80000)
 Metaspace       used 67187K, committed 68544K, reserved 1114112K
  class space    used 7213K, committed 7808K, reserved 1048576K
}
Event: 64.245 GC heap before
{Heap before GC invocations=377 (full 3):
 PSYoungGen      total 3072K, used 2809K [0x00000000d5580000, 0x00000000d5980000, 0x0000000100000000)
  eden space 2048K, 96% used [0x00000000d5580000,0x00000000d576d9c0,0x00000000d5780000)
  from space 1024K, 81% used [0x00000000d5780000,0x00000000d5850de8,0x00000000d5880000)
  to   space 1024K, 0% used [0x00000000d5880000,0x00000000d5880000,0x00000000d5980000)
 ParOldGen       total 504320K, used 504131K [0x0000000080000000, 0x000000009ec80000, 0x00000000d5580000)
  object space 504320K, 99% used [0x0000000080000000,0x000000009ec50c18,0x000000009ec80000)
 Metaspace       used 67196K, committed 68544K, reserved 1114112K
  class space    used 7214K, committed 7808K, reserved 1048576K
}
Event: 64.250 GC heap after
{Heap after GC invocations=377 (full 3):
 PSYoungGen      total 2560K, used 192K [0x00000000d5580000, 0x00000000d5900000, 0x0000000100000000)
  eden space 2048K, 0% used [0x00000000d5580000,0x00000000d5580000,0x00000000d5780000)
  from space 512K, 37% used [0x00000000d5880000,0x00000000d58b0000,0x00000000d5900000)
  to   space 512K, 0% used [0x00000000d5800000,0x00000000d5800000,0x00000000d5880000)
 ParOldGen       total 505344K, used 504913K [0x0000000080000000, 0x000000009ed80000, 0x00000000d5580000)
  object space 505344K, 99% used [0x0000000080000000,0x000000009ed14430,0x000000009ed80000)
 Metaspace       used 67196K, committed 68544K, reserved 1114112K
  class space    used 7214K, committed 7808K, reserved 1048576K
}
Event: 64.305 GC heap before
{Heap before GC invocations=378 (full 3):
 PSYoungGen      total 2560K, used 2240K [0x00000000d5580000, 0x00000000d5900000, 0x0000000100000000)
  eden space 2048K, 100% used [0x00000000d5580000,0x00000000d5780000,0x00000000d5780000)
  from space 512K, 37% used [0x00000000d5880000,0x00000000d58b0000,0x00000000d5900000)
  to   space 512K, 0% used [0x00000000d5800000,0x00000000d5800000,0x00000000d5880000)
 ParOldGen       total 505344K, used 504913K [0x0000000080000000, 0x000000009ed80000, 0x00000000d5580000)
  object space 505344K, 99% used [0x0000000080000000,0x000000009ed14430,0x000000009ed80000)
 Metaspace       used 67395K, committed 68736K, reserved 1114112K
  class space    used 7228K, committed 7808K, reserved 1048576K
}
Event: 64.307 GC heap after
{Heap after GC invocations=378 (full 3):
 PSYoungGen      total 2560K, used 368K [0x00000000d5580000, 0x00000000d5900000, 0x0000000100000000)
  eden space 2048K, 0% used [0x00000000d5580000,0x00000000d5580000,0x00000000d5780000)
  from space 512K, 71% used [0x00000000d5800000,0x00000000d585c010,0x00000000d5880000)
  to   space 512K, 0% used [0x00000000d5880000,0x00000000d5880000,0x00000000d5900000)
 ParOldGen       total 505344K, used 505041K [0x0000000080000000, 0x000000009ed80000, 0x00000000d5580000)
  object space 505344K, 99% used [0x0000000080000000,0x000000009ed34430,0x000000009ed80000)
 Metaspace       used 67395K, committed 68736K, reserved 1114112K
  class space    used 7228K, committed 7808K, reserved 1048576K
}
Event: 128.010 GC heap before
{Heap before GC invocations=379 (full 3):
 PSYoungGen      total 2560K, used 2416K [0x00000000d5580000, 0x00000000d5900000, 0x0000000100000000)
  eden space 2048K, 99% used [0x00000000d5580000,0x00000000d577fff8,0x00000000d5780000)
  from space 512K, 71% used [0x00000000d5800000,0x00000000d585c010,0x00000000d5880000)
  to   space 512K, 0% used [0x00000000d5880000,0x00000000d5880000,0x00000000d5900000)
 ParOldGen       total 505344K, used 505041K [0x0000000080000000, 0x000000009ed80000, 0x00000000d5580000)
  object space 505344K, 99% used [0x0000000080000000,0x000000009ed34430,0x000000009ed80000)
 Metaspace       used 67442K, committed 68800K, reserved 1114112K
  class space    used 7232K, committed 7808K, reserved 1048576K
}
Event: 128.126 GC heap after
{Heap after GC invocations=379 (full 3):
 PSYoungGen      total 2560K, used 128K [0x00000000d5580000, 0x00000000d5900000, 0x0000000100000000)
  eden space 2048K, 0% used [0x00000000d5580000,0x00000000d5580000,0x00000000d5780000)
  from space 512K, 25% used [0x00000000d5880000,0x00000000d58a0000,0x00000000d5900000)
  to   space 512K, 0% used [0x00000000d5800000,0x00000000d5800000,0x00000000d5880000)
 ParOldGen       total 505344K, used 505105K [0x0000000080000000, 0x000000009ed80000, 0x00000000d5580000)
  object space 505344K, 99% used [0x0000000080000000,0x000000009ed44430,0x000000009ed80000)
 Metaspace       used 67442K, committed 68800K, reserved 1114112K
  class space    used 7232K, committed 7808K, reserved 1048576K
}
Event: 128.512 GC heap before
{Heap before GC invocations=380 (full 3):
 PSYoungGen      total 2560K, used 2175K [0x00000000d5580000, 0x00000000d5900000, 0x0000000100000000)
  eden space 2048K, 99% used [0x00000000d5580000,0x00000000d577ffc0,0x00000000d5780000)
  from space 512K, 25% used [0x00000000d5880000,0x00000000d58a0000,0x00000000d5900000)
  to   space 512K, 0% used [0x00000000d5800000,0x00000000d5800000,0x00000000d5880000)
 ParOldGen       total 505344K, used 505105K [0x0000000080000000, 0x000000009ed80000, 0x00000000d5580000)
  object space 505344K, 99% used [0x0000000080000000,0x000000009ed44430,0x000000009ed80000)
 Metaspace       used 67614K, committed 68992K, reserved 1114112K
  class space    used 7266K, committed 7872K, reserved 1048576K
}
Event: 128.518 GC heap after
{Heap after GC invocations=380 (full 3):
 PSYoungGen      total 2560K, used 192K [0x00000000d5580000, 0x00000000d5900000, 0x0000000100000000)
  eden space 2048K, 0% used [0x00000000d5580000,0x00000000d5580000,0x00000000d5780000)
  from space 512K, 37% used [0x00000000d5800000,0x00000000d5830020,0x00000000d5880000)
  to   space 512K, 0% used [0x00000000d5880000,0x00000000d5880000,0x00000000d5900000)
 ParOldGen       total 505344K, used 505169K [0x0000000080000000, 0x000000009ed80000, 0x00000000d5580000)
  object space 505344K, 99% used [0x0000000080000000,0x000000009ed54430,0x000000009ed80000)
 Metaspace       used 67614K, committed 68992K, reserved 1114112K
  class space    used 7266K, committed 7872K, reserved 1048576K
}
Event: 129.367 GC heap before
{Heap before GC invocations=381 (full 3):
 PSYoungGen      total 2560K, used 2240K [0x00000000d5580000, 0x00000000d5900000, 0x0000000100000000)
  eden space 2048K, 99% used [0x00000000d5580000,0x00000000d577fff8,0x00000000d5780000)
  from space 512K, 37% used [0x00000000d5800000,0x00000000d5830020,0x00000000d5880000)
  to   space 512K, 0% used [0x00000000d5880000,0x00000000d5880000,0x00000000d5900000)
 ParOldGen       total 505344K, used 505169K [0x0000000080000000, 0x000000009ed80000, 0x00000000d5580000)
  object space 505344K, 99% used [0x0000000080000000,0x000000009ed54430,0x000000009ed80000)
 Metaspace       used 67671K, committed 68992K, reserved 1114112K
  class space    used 7278K, committed 7872K, reserved 1048576K
}
Event: 129.374 GC heap after
{Heap after GC invocations=381 (full 3):
 PSYoungGen      total 2560K, used 368K [0x00000000d5580000, 0x00000000d5900000, 0x0000000100000000)
  eden space 2048K, 0% used [0x00000000d5580000,0x00000000d5580000,0x00000000d5780000)
  from space 512K, 71% used [0x00000000d5880000,0x00000000d58dc010,0x00000000d5900000)
  to   space 512K, 0% used [0x00000000d5800000,0x00000000d5800000,0x00000000d5880000)
 ParOldGen       total 505344K, used 505265K [0x0000000080000000, 0x000000009ed80000, 0x00000000d5580000)
  object space 505344K, 99% used [0x0000000080000000,0x000000009ed6c450,0x000000009ed80000)
 Metaspace       used 67671K, committed 68992K, reserved 1114112K
  class space    used 7278K, committed 7872K, reserved 1048576K
}
Event: 129.550 GC heap before
{Heap before GC invocations=382 (full 3):
 PSYoungGen      total 2560K, used 2416K [0x00000000d5580000, 0x00000000d5900000, 0x0000000100000000)
  eden space 2048K, 100% used [0x00000000d5580000,0x00000000d5780000,0x00000000d5780000)
  from space 512K, 71% used [0x00000000d5880000,0x00000000d58dc010,0x00000000d5900000)
  to   space 512K, 0% used [0x00000000d5800000,0x00000000d5800000,0x00000000d5880000)
 ParOldGen       total 505344K, used 505265K [0x0000000080000000, 0x000000009ed80000, 0x00000000d5580000)
  object space 505344K, 99% used [0x0000000080000000,0x000000009ed6c450,0x000000009ed80000)
 Metaspace       used 67847K, committed 69248K, reserved 1114112K
  class space    used 7294K, committed 7872K, reserved 1048576K
}
Event: 129.553 GC heap after
{Heap after GC invocations=382 (full 3):
 PSYoungGen      total 2560K, used 320K [0x00000000d5580000, 0x00000000d5900000, 0x0000000100000000)
  eden space 2048K, 0% used [0x00000000d5580000,0x00000000d5580000,0x00000000d5780000)
  from space 512K, 62% used [0x00000000d5800000,0x00000000d5850000,0x00000000d5880000)
  to   space 512K, 0% used [0x00000000d5880000,0x00000000d5880000,0x00000000d5900000)
 ParOldGen       total 505344K, used 505289K [0x0000000080000000, 0x000000009ed80000, 0x00000000d5580000)
  object space 505344K, 99% used [0x0000000080000000,0x000000009ed72450,0x000000009ed80000)
 Metaspace       used 67847K, committed 69248K, reserved 1114112K
  class space    used 7294K, committed 7872K, reserved 1048576K
}
Event: 129.967 GC heap before
{Heap before GC invocations=383 (full 3):
 PSYoungGen      total 2560K, used 2367K [0x00000000d5580000, 0x00000000d5900000, 0x0000000100000000)
  eden space 2048K, 99% used [0x00000000d5580000,0x00000000d577fff8,0x00000000d5780000)
  from space 512K, 62% used [0x00000000d5800000,0x00000000d5850000,0x00000000d5880000)
  to   space 512K, 0% used [0x00000000d5880000,0x00000000d5880000,0x00000000d5900000)
 ParOldGen       total 505344K, used 505289K [0x0000000080000000, 0x000000009ed80000, 0x00000000d5580000)
  object space 505344K, 99% used [0x0000000080000000,0x000000009ed72450,0x000000009ed80000)
 Metaspace       used 67888K, committed 69248K, reserved 1114112K
  class space    used 7296K, committed 7872K, reserved 1048576K
}
Event: 129.971 GC heap after
{Heap after GC invocations=383 (full 3):
 PSYoungGen      total 2560K, used 96K [0x00000000d5580000, 0x00000000d5900000, 0x0000000100000000)
  eden space 2048K, 0% used [0x00000000d5580000,0x00000000d5580000,0x00000000d5780000)
  from space 512K, 18% used [0x00000000d5880000,0x00000000d5898000,0x00000000d5900000)
  to   space 512K, 0% used [0x00000000d5800000,0x00000000d5800000,0x00000000d5880000)
 ParOldGen       total 505856K, used 505545K [0x0000000080000000, 0x000000009ee00000, 0x00000000d5580000)
  object space 505856K, 99% used [0x0000000080000000,0x000000009edb2450,0x000000009ee00000)
 Metaspace       used 67888K, committed 69248K, reserved 1114112K
  class space    used 7296K, committed 7872K, reserved 1048576K
}
Event: 130.576 GC heap before
{Heap before GC invocations=384 (full 3):
 PSYoungGen      total 2560K, used 2144K [0x00000000d5580000, 0x00000000d5900000, 0x0000000100000000)
  eden space 2048K, 100% used [0x00000000d5580000,0x00000000d5780000,0x00000000d5780000)
  from space 512K, 18% used [0x00000000d5880000,0x00000000d5898000,0x00000000d5900000)
  to   space 512K, 0% used [0x00000000d5800000,0x00000000d5800000,0x00000000d5880000)
 ParOldGen       total 505856K, used 505545K [0x0000000080000000, 0x000000009ee00000, 0x00000000d5580000)
  object space 505856K, 99% used [0x0000000080000000,0x000000009edb2450,0x000000009ee00000)
 Metaspace       used 67892K, committed 69248K, reserved 1114112K
  class space    used 7296K, committed 7872K, reserved 1048576K
}
Event: 130.580 GC heap after
{Heap after GC invocations=384 (full 3):
 PSYoungGen      total 2560K, used 128K [0x00000000d5580000, 0x00000000d5900000, 0x0000000100000000)
  eden space 2048K, 0% used [0x00000000d5580000,0x00000000d5580000,0x00000000d5780000)
  from space 512K, 25% used [0x00000000d5800000,0x00000000d5820000,0x00000000d5880000)
  to   space 512K, 0% used [0x00000000d5880000,0x00000000d5880000,0x00000000d5900000)
 ParOldGen       total 505856K, used 505569K [0x0000000080000000, 0x000000009ee00000, 0x00000000d5580000)
  object space 505856K, 99% used [0x0000000080000000,0x000000009edb8450,0x000000009ee00000)
 Metaspace       used 67892K, committed 69248K, reserved 1114112K
  class space    used 7296K, committed 7872K, reserved 1048576K
}
Event: 344.461 GC heap before
{Heap before GC invocations=385 (full 3):
 PSYoungGen      total 2560K, used 2176K [0x00000000d5580000, 0x00000000d5900000, 0x0000000100000000)
  eden space 2048K, 100% used [0x00000000d5580000,0x00000000d5780000,0x00000000d5780000)
  from space 512K, 25% used [0x00000000d5800000,0x00000000d5820000,0x00000000d5880000)
  to   space 512K, 0% used [0x00000000d5880000,0x00000000d5880000,0x00000000d5900000)
 ParOldGen       total 505856K, used 505569K [0x0000000080000000, 0x000000009ee00000, 0x00000000d5580000)
  object space 505856K, 99% used [0x0000000080000000,0x000000009edb8450,0x000000009ee00000)
 Metaspace       used 67930K, committed 69312K, reserved 1114112K
  class space    used 7302K, committed 7872K, reserved 1048576K
}
Event: 344.639 GC heap after
{Heap after GC invocations=385 (full 3):
 PSYoungGen      total 2560K, used 128K [0x00000000d5580000, 0x00000000d5900000, 0x0000000100000000)
  eden space 2048K, 0% used [0x00000000d5580000,0x00000000d5580000,0x00000000d5780000)
  from space 512K, 25% used [0x00000000d5880000,0x00000000d58a0000,0x00000000d5900000)
  to   space 512K, 0% used [0x00000000d5800000,0x00000000d5800000,0x00000000d5880000)
 ParOldGen       total 505856K, used 505593K [0x0000000080000000, 0x000000009ee00000, 0x00000000d5580000)
  object space 505856K, 99% used [0x0000000080000000,0x000000009edbe450,0x000000009ee00000)
 Metaspace       used 67930K, committed 69312K, reserved 1114112K
  class space    used 7302K, committed 7872K, reserved 1048576K
}

